F:\ngtemplate\ngtemplate\AngularCliWebAPi\ClientApp\dist\out-tsc\e2e\app.po.js
F:\ngtemplate\ngtemplate\AngularCliWebAPi\ClientApp\dist\out-tsc\e2e\app.po.js.map
F:\ngtemplate\ngtemplate\AngularCliWebAPi\ClientApp\dist\out-tsc\e2e\app.e2e-spec.js
F:\ngtemplate\ngtemplate\AngularCliWebAPi\ClientApp\dist\out-tsc\e2e\app.e2e-spec.js.map
F:\ngtemplate\ngtemplate\AngularCliWebAPi\ClientApp\dist\out-tsc\src\app\app.component.js
F:\ngtemplate\ngtemplate\AngularCliWebAPi\ClientApp\dist\out-tsc\src\app\app.component.js.map
F:\ngtemplate\ngtemplate\AngularCliWebAPi\ClientApp\dist\out-tsc\src\app\app.module.js
F:\ngtemplate\ngtemplate\AngularCliWebAPi\ClientApp\dist\out-tsc\src\app\app.module.js.map
F:\ngtemplate\ngtemplate\AngularCliWebAPi\ClientApp\dist\out-tsc\src\environments\environment.js
F:\ngtemplate\ngtemplate\AngularCliWebAPi\ClientApp\dist\out-tsc\src\environments\environment.js.map
F:\ngtemplate\ngtemplate\AngularCliWebAPi\ClientApp\dist\out-tsc\src\main.js
F:\ngtemplate\ngtemplate\AngularCliWebAPi\ClientApp\dist\out-tsc\src\main.js.map
F:\ngtemplate\ngtemplate\AngularCliWebAPi\ClientApp\dist\out-tsc\src\polyfills.js
F:\ngtemplate\ngtemplate\AngularCliWebAPi\ClientApp\dist\out-tsc\src\polyfills.js.map
F:\ngtemplate\ngtemplate\AngularCliWebAPi\ClientApp\dist\out-tsc\src\test.js
F:\ngtemplate\ngtemplate\AngularCliWebAPi\ClientApp\dist\out-tsc\src\test.js.map
F:\ngtemplate\ngtemplate\AngularCliWebAPi\ClientApp\dist\out-tsc\src\app\app.component.spec.js
F:\ngtemplate\ngtemplate\AngularCliWebAPi\ClientApp\dist\out-tsc\src\app\app.component.spec.js.map
F:\ngtemplate\ngtemplate\AngularCliWebAPi\ClientApp\dist\out-tsc\src\environments\environment.prod.js
F:\ngtemplate\ngtemplate\AngularCliWebAPi\ClientApp\dist\out-tsc\src\environments\environment.prod.js.map
